[debug] [2025-04-02T06:37:21.372Z] ----------------------------------------------------------------------
[debug] [2025-04-02T06:37:21.374Z] Command:       C:\Program Files\nodejs\node.exe C:\Program Files\nodejs\node_modules\firebase-tools\lib\bin\firebase.js init
[debug] [2025-04-02T06:37:21.375Z] CLI Version:   14.0.1
[debug] [2025-04-02T06:37:21.375Z] Platform:      win32
[debug] [2025-04-02T06:37:21.375Z] Node Version:  v23.5.0
[debug] [2025-04-02T06:37:21.375Z] Time:          Wed Apr 02 2025 13:37:21 GMT+0700 (Indochina Time)
[debug] [2025-04-02T06:37:21.375Z] ----------------------------------------------------------------------
[debug] 
[debug] [2025-04-02T06:37:21.378Z] >>> [apiv2][query] GET https://firebase-public.firebaseio.com/cli.json [none]
[debug] [2025-04-02T06:37:21.423Z] > command requires scopes: ["email","openid","https://www.googleapis.com/auth/cloudplatformprojects.readonly","https://www.googleapis.com/auth/firebase","https://www.googleapis.com/auth/cloud-platform"]
[debug] [2025-04-02T06:37:21.423Z] > authorizing via signed-in user (van.sovannareach@gmail.com)
[info] 
     ######## #### ########  ######## ########     ###     ######  ########
     ##        ##  ##     ## ##       ##     ##  ##   ##  ##       ##
     ######    ##  ########  ######   ########  #########  ######  ######
     ##        ##  ##    ##  ##       ##     ## ##     ##       ## ##
     ##       #### ##     ## ######## ########  ##     ##  ######  ########

You're about to initialize a Firebase project in this directory:

  D:\Clinic-manament

[debug] [2025-04-02T06:37:22.623Z] <<< [apiv2][status] GET https://firebase-public.firebaseio.com/cli.json 200
[debug] [2025-04-02T06:37:22.624Z] <<< [apiv2][body] GET https://firebase-public.firebaseio.com/cli.json {"cloudBuildErrorAfter":1594252800000,"cloudBuildWarnAfter":1590019200000,"defaultNode10After":1594252800000,"minVersion":"3.0.5","node8DeploysDisabledAfter":1613390400000,"node8RuntimeDisabledAfter":1615809600000,"node8WarnAfter":1600128000000}
[info] 
=== Project Setup
[info] 
[info] First, let's associate this project directory with a Firebase project.
[info] You can create multiple project aliases by running firebase use --add, 
[info] but for now we'll just set up a default project.
[info] 
[debug] [2025-04-02T06:37:40.427Z] Checked if tokens are valid: false, expires at: 1743504457833
[debug] [2025-04-02T06:37:40.427Z] Checked if tokens are valid: false, expires at: 1743504457833
[debug] [2025-04-02T06:37:40.428Z] > refreshing access token with scopes: []
[debug] [2025-04-02T06:37:40.434Z] >>> [apiv2][query] POST https://www.googleapis.com/oauth2/v3/token [none]
[debug] [2025-04-02T06:37:40.434Z] >>> [apiv2][body] POST https://www.googleapis.com/oauth2/v3/token [omitted]
[debug] [2025-04-02T06:37:41.318Z] <<< [apiv2][status] POST https://www.googleapis.com/oauth2/v3/token 200
[debug] [2025-04-02T06:37:41.319Z] <<< [apiv2][body] POST https://www.googleapis.com/oauth2/v3/token [omitted]
[debug] [2025-04-02T06:37:41.333Z] >>> [apiv2][query] GET https://firebase.googleapis.com/v1beta1/projects pageSize=100
[debug] [2025-04-02T06:37:42.027Z] <<< [apiv2][status] GET https://firebase.googleapis.com/v1beta1/projects 200
[debug] [2025-04-02T06:37:42.027Z] <<< [apiv2][body] GET https://firebase.googleapis.com/v1beta1/projects [omitted]
[info] i  Using project customer-management-61f84 (Customer-management) 
[info] 
=== Hosting Setup
[debug] [2025-04-02T06:37:44.993Z] Checked if tokens are valid: true, expires at: 1743579460319
[debug] [2025-04-02T06:37:44.994Z] Checked if tokens are valid: true, expires at: 1743579460319
[debug] [2025-04-02T06:37:44.994Z] >>> [apiv2][query] GET https://firebase.googleapis.com/v1beta1/projects/customer-management-61f84 [none]
[debug] [2025-04-02T06:37:45.394Z] <<< [apiv2][status] GET https://firebase.googleapis.com/v1beta1/projects/customer-management-61f84 200
[debug] [2025-04-02T06:37:45.394Z] <<< [apiv2][body] GET https://firebase.googleapis.com/v1beta1/projects/customer-management-61f84 {"projectId":"customer-management-61f84","projectNumber":"556155206627","displayName":"Customer-management","name":"projects/customer-management-61f84","resources":{"hostingSite":"customer-management-61f84","realtimeDatabaseInstance":"customer-management-61f84-default-rtdb"},"state":"ACTIVE","etag":"1_b5985d55-2350-4ea5-be51-e83784f7e3fa"}
[info] 
[info] Your public directory is the folder (relative to your project directory) that
[info] will contain Hosting assets to be uploaded with firebase deploy. If you
[info] have a build process for your assets, use your build's output directory.
[info] 
[info] +  Wrote public/404.html 
[debug] [2025-04-02T06:37:51.842Z] >>> [apiv2][query] GET https://www.gstatic.com/firebasejs/releases.json [none]
[debug] [2025-04-02T06:37:52.554Z] <<< [apiv2][status] GET https://www.gstatic.com/firebasejs/releases.json 200
[debug] [2025-04-02T06:37:52.555Z] <<< [apiv2][body] GET https://www.gstatic.com/firebasejs/releases.json {"current":{"version":"11.6.0","browserURL":"https://www.gstatic.com/firebasejs/11.6.0/firebase.js","packageURL":"https://www.gstatic.com/firebasejs/11.6.0/firebase.tgz"},"live":{"version":"11.6","browserURL":"https://www.gstatic.com/firebasejs/live/11.6/firebase.js","packageURL":"https://www.gstatic.com/firebasejs/live/11.6/firebase.tgz"},"components":{"analytics":"https://www.gstatic.com/firebasejs/11.6.0/firebase-analytics.js","app":"https://www.gstatic.com/firebasejs/11.6.0/firebase-app.js","app-check":"https://www.gstatic.com/firebasejs/11.6.0/firebase-app-check.js","auth":"https://www.gstatic.com/firebasejs/11.6.0/firebase-auth.js","auth/cordova":"https://www.gstatic.com/firebasejs/11.6.0/firebase-auth/cordova.js","auth/web-extension":"https://www.gstatic.com/firebasejs/11.6.0/firebase-auth/web-extension.js","functions":"https://www.gstatic.com/firebasejs/11.6.0/firebase-functions.js","firestore":"https://www.gstatic.com/firebasejs/11.6.0/firebase-firestore.js","firestore/lite":"https://www.gstatic.com/firebasejs/11.6.0/firebase-firestore/lite.js","installations":"https://www.gstatic.com/firebasejs/11.6.0/firebase-installations.js","storage":"https://www.gstatic.com/firebasejs/11.6.0/firebase-storage.js","performance":"https://www.gstatic.com/firebasejs/11.6.0/firebase-performance.js","remote-config":"https://www.gstatic.com/firebasejs/11.6.0/firebase-remote-config.js","messaging":"https://www.gstatic.com/firebasejs/11.6.0/firebase-messaging.js","messaging/sw":"https://www.gstatic.com/firebasejs/11.6.0/firebase-messaging/sw.js","database":"https://www.gstatic.com/firebasejs/11.6.0/firebase-database.js","vertexai":"https://www.gstatic.com/firebasejs/11.6.0/firebase-vertexai.js","data-connect":"https://www.gstatic.com/firebasejs/11.6.0/firebase-data-connect.js","firestore.memory":"https://www.gstatic.com/firebasejs/11.6.0/firebase-firestore.memory.js"}}
[info] i  public/index.html is unchanged 
[info] 
[info] i  Detected a .git folder at D:\Clinic-manament 
[info] i  Authorizing with GitHub to upload your service account to a GitHub repository's secrets store. 
[info] 
[info] Visit this URL on this device to log in:
[info] https://github.com/login/oauth/authorize?client_id=89cf50f02ac6aaed3484&state=488070424&redirect_uri=http%3A%2F%2Flocalhost%3A9005&scope=read%3Auser%20repo%20public_repo
[info] 
[info] Waiting for authentication...
[debug] [2025-04-02T06:37:53.352Z] >>> [apiv2][query] POST https://github.com/login/oauth/access_token [none]
[debug] [2025-04-02T06:37:53.352Z] >>> [apiv2][body] POST https://github.com/login/oauth/access_token [stream]
[debug] [2025-04-02T06:37:53.888Z] <<< [apiv2][status] POST https://github.com/login/oauth/access_token 200
[debug] [2025-04-02T06:37:53.889Z] <<< [apiv2][body] POST https://github.com/login/oauth/access_token {"access_token":"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","token_type":"bearer","scope":"read:user,repo"}
[debug] [2025-04-02T06:37:53.902Z] >>> [apiv2][query] GET https://api.github.com/user [none]
[debug] [2025-04-02T06:37:54.440Z] <<< [apiv2][status] GET https://api.github.com/user 200
[debug] [2025-04-02T06:37:54.441Z] <<< [apiv2][body] GET https://api.github.com/user {"login":"SovannareachVan","id":149855500,"node_id":"U_kgDOCO6dDA","avatar_url":"https://avatars.githubusercontent.com/u/149855500?v=4","gravatar_id":"","url":"https://api.github.com/users/SovannareachVan","html_url":"https://github.com/SovannareachVan","followers_url":"https://api.github.com/users/SovannareachVan/followers","following_url":"https://api.github.com/users/SovannareachVan/following{/other_user}","gists_url":"https://api.github.com/users/SovannareachVan/gists{/gist_id}","starred_url":"https://api.github.com/users/SovannareachVan/starred{/owner}{/repo}","subscriptions_url":"https://api.github.com/users/SovannareachVan/subscriptions","organizations_url":"https://api.github.com/users/SovannareachVan/orgs","repos_url":"https://api.github.com/users/SovannareachVan/repos","events_url":"https://api.github.com/users/SovannareachVan/events{/privacy}","received_events_url":"https://api.github.com/users/SovannareachVan/received_events","type":"User","user_view_type":"private","site_admin":false,"name":null,"company":null,"blog":"","location":null,"email":null,"hireable":null,"bio":null,"twitter_username":null,"notification_email":null,"public_repos":9,"public_gists":0,"followers":0,"following":0,"created_at":"2023-11-04T03:52:24Z","updated_at":"2025-03-19T18:16:57Z","private_gists":0,"total_private_repos":0,"owned_private_repos":0,"disk_usage":66971,"collaborators":0,"two_factor_authentication":false,"plan":{"name":"free","space":976562499,"collaborators":0,"private_repos":10000}}
[info] 
[info] +  Success! Logged into GitHub as SovannareachVan 
[info] 
